[2021-06-03 09:35:11,797] [autoreload.py:598] [autoreload:run_with_reloader] [INFO]- Watching for file changes with StatReloader
[2021-06-03 09:35:33,925] [autoreload.py:598] [autoreload:run_with_reloader] [INFO]- Watching for file changes with StatReloader
[2021-06-03 09:36:03,105] [basehttp.py:157] [basehttp:log_message] [INFO]- "POST /bulk_create_hostinfo HTTP/1.1" 200 22
[2021-06-03 09:36:40,557] [autoreload.py:598] [autoreload:run_with_reloader] [INFO]- Watching for file changes with StatReloader
[2021-06-03 09:36:47,390] [basehttp.py:157] [basehttp:log_message] [INFO]- "POST /bulk_create_hostinfo HTTP/1.1" 200 22
[2021-06-03 09:37:45,567] [autoreload.py:222] [autoreload:trigger_reload] [INFO]- E:\PyCharm\automatization\automatization\hostgroup\views.py changed, reloading.
[2021-06-03 09:37:47,517] [autoreload.py:598] [autoreload:run_with_reloader] [INFO]- Watching for file changes with StatReloader
[2021-06-03 09:41:20,954] [autoreload.py:222] [autoreload:trigger_reload] [INFO]- E:\PyCharm\automatization\automatization\hostgroup\views.py changed, reloading.
[2021-06-03 09:41:22,958] [autoreload.py:598] [autoreload:run_with_reloader] [INFO]- Watching for file changes with StatReloader
[2021-06-03 09:41:27,663] [basehttp.py:157] [basehttp:log_message] [INFO]- "POST /bulk_create_hostinfo HTTP/1.1" 200 24
[2021-06-03 09:43:25,209] [autoreload.py:598] [autoreload:run_with_reloader] [INFO]- Watching for file changes with StatReloader
[2021-06-03 09:43:28,908] [basehttp.py:157] [basehttp:log_message] [INFO]- "POST /bulk_create_hostinfo HTTP/1.1" 200 24
[2021-06-03 09:43:57,290] [autoreload.py:222] [autoreload:trigger_reload] [INFO]- E:\PyCharm\automatization\automatization\hostgroup\views.py changed, reloading.
[2021-06-03 09:43:59,304] [autoreload.py:598] [autoreload:run_with_reloader] [INFO]- Watching for file changes with StatReloader
[2021-06-03 09:44:12,295] [basehttp.py:157] [basehttp:log_message] [INFO]- "POST /bulk_create_hostinfo HTTP/1.1" 200 24
[2021-06-03 09:46:27,625] [autoreload.py:222] [autoreload:trigger_reload] [INFO]- E:\PyCharm\automatization\automatization\hostgroup\views.py changed, reloading.
[2021-06-03 09:46:29,642] [autoreload.py:598] [autoreload:run_with_reloader] [INFO]- Watching for file changes with StatReloader
[2021-06-03 09:46:34,208] [basehttp.py:157] [basehttp:log_message] [INFO]- "POST /bulk_create_hostinfo HTTP/1.1" 200 24
[2021-06-03 09:48:49,818] [autoreload.py:222] [autoreload:trigger_reload] [INFO]- E:\PyCharm\automatization\automatization\hostgroup\views.py changed, reloading.
[2021-06-03 09:48:51,894] [autoreload.py:598] [autoreload:run_with_reloader] [INFO]- Watching for file changes with StatReloader
[2021-06-03 09:48:53,473] [basehttp.py:157] [basehttp:log_message] [INFO]- "POST /bulk_create_hostinfo HTTP/1.1" 200 24
[2021-06-03 09:59:43,619] [autoreload.py:222] [autoreload:trigger_reload] [INFO]- E:\PyCharm\automatization\automatization\hostgroup\views.py changed, reloading.
[2021-06-03 09:59:45,677] [autoreload.py:598] [autoreload:run_with_reloader] [INFO]- Watching for file changes with StatReloader
[2021-06-03 09:59:52,272] [basehttp.py:157] [basehttp:log_message] [INFO]- "POST /bulk_create_hostinfo HTTP/1.1" 200 24
[2021-06-03 10:01:21,000] [basehttp.py:157] [basehttp:log_message] [INFO]- "POST /bulk_create_hostinfo HTTP/1.1" 200 24
[2021-06-03 10:05:12,998] [autoreload.py:222] [autoreload:trigger_reload] [INFO]- E:\PyCharm\automatization\automatization\hostgroup\views.py changed, reloading.
[2021-06-03 10:05:14,956] [autoreload.py:598] [autoreload:run_with_reloader] [INFO]- Watching for file changes with StatReloader
[2021-06-03 10:07:40,011] [autoreload.py:222] [autoreload:trigger_reload] [INFO]- E:\PyCharm\automatization\automatization\hostgroup\views.py changed, reloading.
[2021-06-03 10:07:42,082] [autoreload.py:598] [autoreload:run_with_reloader] [INFO]- Watching for file changes with StatReloader
[2021-06-03 10:09:37,363] [autoreload.py:222] [autoreload:trigger_reload] [INFO]- E:\PyCharm\automatization\automatization\hostgroup\views.py changed, reloading.
[2021-06-03 10:09:39,348] [autoreload.py:598] [autoreload:run_with_reloader] [INFO]- Watching for file changes with StatReloader
[2021-06-03 10:15:46,573] [autoreload.py:222] [autoreload:trigger_reload] [INFO]- E:\PyCharm\automatization\automatization\hostgroup\views.py changed, reloading.
[2021-06-03 10:15:48,951] [autoreload.py:598] [autoreload:run_with_reloader] [INFO]- Watching for file changes with StatReloader
[2021-06-03 10:16:22,132] [autoreload.py:222] [autoreload:trigger_reload] [INFO]- E:\PyCharm\automatization\automatization\hostgroup\views.py changed, reloading.
[2021-06-03 10:16:24,213] [autoreload.py:598] [autoreload:run_with_reloader] [INFO]- Watching for file changes with StatReloader
[2021-06-03 10:16:40,617] [autoreload.py:222] [autoreload:trigger_reload] [INFO]- E:\PyCharm\automatization\automatization\hostgroup\views.py changed, reloading.
[2021-06-03 10:16:42,601] [autoreload.py:598] [autoreload:run_with_reloader] [INFO]- Watching for file changes with StatReloader
[2021-06-03 10:22:24,584] [autoreload.py:222] [autoreload:trigger_reload] [INFO]- E:\PyCharm\automatization\automatization\hostgroup\views.py changed, reloading.
[2021-06-03 10:22:26,545] [autoreload.py:598] [autoreload:run_with_reloader] [INFO]- Watching for file changes with StatReloader
[2021-06-03 10:22:33,283] [autoreload.py:222] [autoreload:trigger_reload] [INFO]- E:\PyCharm\automatization\automatization\hostgroup\views.py changed, reloading.
[2021-06-03 10:22:35,313] [autoreload.py:598] [autoreload:run_with_reloader] [INFO]- Watching for file changes with StatReloader
[2021-06-03 10:26:36,919] [autoreload.py:222] [autoreload:trigger_reload] [INFO]- E:\PyCharm\automatization\automatization\hostgroup\views.py changed, reloading.
[2021-06-03 10:26:38,896] [autoreload.py:598] [autoreload:run_with_reloader] [INFO]- Watching for file changes with StatReloader
[2021-06-03 10:30:14,623] [autoreload.py:222] [autoreload:trigger_reload] [INFO]- E:\PyCharm\automatization\automatization\hostgroup\views.py changed, reloading.
[2021-06-03 10:30:16,713] [autoreload.py:598] [autoreload:run_with_reloader] [INFO]- Watching for file changes with StatReloader
[2021-06-03 10:31:06,698] [autoreload.py:222] [autoreload:trigger_reload] [INFO]- E:\PyCharm\automatization\automatization\hostgroup\views.py changed, reloading.
[2021-06-03 10:31:08,673] [autoreload.py:598] [autoreload:run_with_reloader] [INFO]- Watching for file changes with StatReloader
[2021-06-03 10:31:23,099] [autoreload.py:598] [autoreload:run_with_reloader] [INFO]- Watching for file changes with StatReloader
[2021-06-03 10:32:42,693] [basehttp.py:157] [basehttp:log_message] [INFO]- "POST /bulk_create_hostinfo HTTP/1.1" 200 64
[2021-06-03 10:33:28,672] [basehttp.py:157] [basehttp:log_message] [INFO]- "POST /bulk_create_hostinfo HTTP/1.1" 200 64
[2021-06-03 10:34:12,704] [basehttp.py:157] [basehttp:log_message] [INFO]- "POST /bulk_create_hostinfo HTTP/1.1" 200 44
[2021-06-03 10:34:41,444] [basehttp.py:157] [basehttp:log_message] [INFO]- "POST /bulk_create_hostinfo HTTP/1.1" 200 44
[2021-06-03 10:35:55,578] [autoreload.py:222] [autoreload:trigger_reload] [INFO]- E:\PyCharm\automatization\automatization\hostgroup\views.py changed, reloading.
[2021-06-03 10:35:57,617] [autoreload.py:598] [autoreload:run_with_reloader] [INFO]- Watching for file changes with StatReloader
[2021-06-03 10:36:04,974] [basehttp.py:157] [basehttp:log_message] [INFO]- "POST /bulk_create_hostinfo HTTP/1.1" 200 44
[2021-06-03 10:36:18,974] [autoreload.py:222] [autoreload:trigger_reload] [INFO]- E:\PyCharm\automatization\automatization\hostgroup\views.py changed, reloading.
[2021-06-03 10:36:20,951] [autoreload.py:598] [autoreload:run_with_reloader] [INFO]- Watching for file changes with StatReloader
[2021-06-03 10:37:31,148] [basehttp.py:157] [basehttp:log_message] [INFO]- "POST /bulk_create_hostinfo HTTP/1.1" 200 89
[2021-06-03 10:42:04,367] [autoreload.py:222] [autoreload:trigger_reload] [INFO]- E:\PyCharm\automatization\automatization\hostgroup\views.py changed, reloading.
[2021-06-03 10:42:06,314] [autoreload.py:598] [autoreload:run_with_reloader] [INFO]- Watching for file changes with StatReloader
[2021-06-03 10:42:49,499] [autoreload.py:222] [autoreload:trigger_reload] [INFO]- E:\PyCharm\automatization\automatization\hostgroup\views.py changed, reloading.
[2021-06-03 10:42:51,554] [autoreload.py:598] [autoreload:run_with_reloader] [INFO]- Watching for file changes with StatReloader
[2021-06-03 10:44:08,032] [autoreload.py:222] [autoreload:trigger_reload] [INFO]- E:\PyCharm\automatization\automatization\hostgroup\views.py changed, reloading.
[2021-06-03 10:44:10,117] [autoreload.py:598] [autoreload:run_with_reloader] [INFO]- Watching for file changes with StatReloader
[2021-06-03 10:46:07,545] [autoreload.py:222] [autoreload:trigger_reload] [INFO]- E:\PyCharm\automatization\automatization\hostgroup\views.py changed, reloading.
[2021-06-03 10:46:09,580] [autoreload.py:598] [autoreload:run_with_reloader] [INFO]- Watching for file changes with StatReloader
[2021-06-03 10:48:30,742] [autoreload.py:222] [autoreload:trigger_reload] [INFO]- E:\PyCharm\automatization\automatization\hostgroup\views.py changed, reloading.
[2021-06-03 10:48:32,847] [autoreload.py:598] [autoreload:run_with_reloader] [INFO]- Watching for file changes with StatReloader
[2021-06-03 10:48:38,019] [autoreload.py:222] [autoreload:trigger_reload] [INFO]- E:\PyCharm\automatization\automatization\hostgroup\views.py changed, reloading.
[2021-06-03 10:48:40,022] [autoreload.py:598] [autoreload:run_with_reloader] [INFO]- Watching for file changes with StatReloader
[2021-06-03 10:48:54,863] [autoreload.py:222] [autoreload:trigger_reload] [INFO]- E:\PyCharm\automatization\automatization\hostgroup\views.py changed, reloading.
[2021-06-03 10:48:56,907] [autoreload.py:598] [autoreload:run_with_reloader] [INFO]- Watching for file changes with StatReloader
[2021-06-03 10:49:26,762] [autoreload.py:222] [autoreload:trigger_reload] [INFO]- E:\PyCharm\automatization\automatization\hostgroup\views.py changed, reloading.
[2021-06-03 10:49:28,769] [autoreload.py:598] [autoreload:run_with_reloader] [INFO]- Watching for file changes with StatReloader
[2021-06-03 10:49:36,838] [autoreload.py:222] [autoreload:trigger_reload] [INFO]- E:\PyCharm\automatization\automatization\hostgroup\views.py changed, reloading.
[2021-06-03 10:49:38,844] [autoreload.py:598] [autoreload:run_with_reloader] [INFO]- Watching for file changes with StatReloader
[2021-06-03 10:52:58,333] [autoreload.py:222] [autoreload:trigger_reload] [INFO]- E:\PyCharm\automatization\automatization\hostgroup\views.py changed, reloading.
[2021-06-03 10:53:00,324] [autoreload.py:598] [autoreload:run_with_reloader] [INFO]- Watching for file changes with StatReloader
[2021-06-03 10:53:15,166] [autoreload.py:222] [autoreload:trigger_reload] [INFO]- E:\PyCharm\automatization\automatization\hostgroup\views.py changed, reloading.
[2021-06-03 10:53:17,147] [autoreload.py:598] [autoreload:run_with_reloader] [INFO]- Watching for file changes with StatReloader
[2021-06-03 10:55:51,226] [autoreload.py:222] [autoreload:trigger_reload] [INFO]- E:\PyCharm\automatization\automatization\hostgroup\views.py changed, reloading.
[2021-06-03 10:55:53,344] [autoreload.py:598] [autoreload:run_with_reloader] [INFO]- Watching for file changes with StatReloader
[2021-06-03 10:56:33,865] [autoreload.py:222] [autoreload:trigger_reload] [INFO]- E:\PyCharm\automatization\automatization\hostgroup\views.py changed, reloading.
[2021-06-03 10:56:35,861] [autoreload.py:598] [autoreload:run_with_reloader] [INFO]- Watching for file changes with StatReloader
[2021-06-03 10:56:38,482] [autoreload.py:222] [autoreload:trigger_reload] [INFO]- E:\PyCharm\automatization\automatization\hostgroup\views.py changed, reloading.
[2021-06-03 10:56:40,540] [autoreload.py:598] [autoreload:run_with_reloader] [INFO]- Watching for file changes with StatReloader
[2021-06-03 10:58:00,159] [autoreload.py:222] [autoreload:trigger_reload] [INFO]- E:\PyCharm\automatization\automatization\hostgroup\views.py changed, reloading.
[2021-06-03 10:58:02,166] [autoreload.py:598] [autoreload:run_with_reloader] [INFO]- Watching for file changes with StatReloader
[2021-06-03 10:58:13,032] [autoreload.py:222] [autoreload:trigger_reload] [INFO]- E:\PyCharm\automatization\automatization\hostgroup\views.py changed, reloading.
[2021-06-03 10:58:15,069] [autoreload.py:598] [autoreload:run_with_reloader] [INFO]- Watching for file changes with StatReloader
[2021-06-03 10:58:21,883] [autoreload.py:222] [autoreload:trigger_reload] [INFO]- E:\PyCharm\automatization\automatization\hostgroup\views.py changed, reloading.
[2021-06-03 10:58:23,914] [autoreload.py:598] [autoreload:run_with_reloader] [INFO]- Watching for file changes with StatReloader
[2021-06-03 10:58:33,418] [autoreload.py:222] [autoreload:trigger_reload] [INFO]- E:\PyCharm\automatization\automatization\hostgroup\views.py changed, reloading.
[2021-06-03 10:58:35,402] [autoreload.py:598] [autoreload:run_with_reloader] [INFO]- Watching for file changes with StatReloader
[2021-06-03 10:58:45,319] [autoreload.py:222] [autoreload:trigger_reload] [INFO]- E:\PyCharm\automatization\automatization\hostgroup\views.py changed, reloading.
[2021-06-03 10:58:47,340] [autoreload.py:598] [autoreload:run_with_reloader] [INFO]- Watching for file changes with StatReloader
[2021-06-03 10:59:15,585] [autoreload.py:222] [autoreload:trigger_reload] [INFO]- E:\PyCharm\automatization\automatization\hostgroup\views.py changed, reloading.
[2021-06-03 10:59:17,608] [autoreload.py:598] [autoreload:run_with_reloader] [INFO]- Watching for file changes with StatReloader
[2021-06-03 10:59:25,865] [autoreload.py:222] [autoreload:trigger_reload] [INFO]- E:\PyCharm\automatization\automatization\hostgroup\views.py changed, reloading.
[2021-06-03 10:59:27,895] [autoreload.py:598] [autoreload:run_with_reloader] [INFO]- Watching for file changes with StatReloader
[2021-06-03 11:00:47,606] [autoreload.py:222] [autoreload:trigger_reload] [INFO]- E:\PyCharm\automatization\automatization\hostgroup\views.py changed, reloading.
[2021-06-03 11:00:49,654] [autoreload.py:598] [autoreload:run_with_reloader] [INFO]- Watching for file changes with StatReloader
[2021-06-03 11:03:24,943] [autoreload.py:222] [autoreload:trigger_reload] [INFO]- E:\PyCharm\automatization\automatization\hostgroup\views.py changed, reloading.
[2021-06-03 11:03:26,877] [autoreload.py:598] [autoreload:run_with_reloader] [INFO]- Watching for file changes with StatReloader
[2021-06-03 11:03:32,243] [autoreload.py:222] [autoreload:trigger_reload] [INFO]- E:\PyCharm\automatization\automatization\hostgroup\views.py changed, reloading.
[2021-06-03 11:03:34,535] [autoreload.py:598] [autoreload:run_with_reloader] [INFO]- Watching for file changes with StatReloader
[2021-06-03 11:04:17,529] [autoreload.py:222] [autoreload:trigger_reload] [INFO]- E:\PyCharm\automatization\automatization\urls.py changed, reloading.
[2021-06-03 11:04:19,468] [autoreload.py:598] [autoreload:run_with_reloader] [INFO]- Watching for file changes with StatReloader
[2021-06-03 11:05:17,628] [basehttp.py:157] [basehttp:log_message] [INFO]- "GET /sel_hostinfo?page=1&pagesize=10&username&hostaddress HTTP/1.1" 200 758
[2021-06-03 11:06:04,767] [basehttp.py:157] [basehttp:log_message] [INFO]- "GET /sel_hostinfo?page=1&pagesize=2&username&hostaddress HTTP/1.1" 200 438
[2021-06-03 11:06:18,967] [basehttp.py:157] [basehttp:log_message] [INFO]- "GET /sel_hostinfo?page=2&pagesize=2&username&hostaddress HTTP/1.1" 200 400
[2021-06-03 11:13:56,324] [autoreload.py:222] [autoreload:trigger_reload] [INFO]- E:\PyCharm\automatization\automatization\hostgroup\views.py changed, reloading.
[2021-06-03 11:13:58,418] [autoreload.py:598] [autoreload:run_with_reloader] [INFO]- Watching for file changes with StatReloader
[2021-06-03 11:16:05,625] [autoreload.py:222] [autoreload:trigger_reload] [INFO]- E:\PyCharm\automatization\automatization\hostgroup\views.py changed, reloading.
[2021-06-03 11:16:07,518] [autoreload.py:598] [autoreload:run_with_reloader] [INFO]- Watching for file changes with StatReloader
[2021-06-03 11:16:55,341] [autoreload.py:222] [autoreload:trigger_reload] [INFO]- E:\PyCharm\automatization\automatization\hostgroup\views.py changed, reloading.
[2021-06-03 11:16:57,272] [autoreload.py:598] [autoreload:run_with_reloader] [INFO]- Watching for file changes with StatReloader
[2021-06-03 11:17:19,010] [autoreload.py:222] [autoreload:trigger_reload] [INFO]- E:\PyCharm\automatization\automatization\hostgroup\views.py changed, reloading.
[2021-06-03 11:17:20,953] [autoreload.py:598] [autoreload:run_with_reloader] [INFO]- Watching for file changes with StatReloader
[2021-06-03 11:19:01,526] [autoreload.py:222] [autoreload:trigger_reload] [INFO]- E:\PyCharm\automatization\automatization\hostgroup\views.py changed, reloading.
[2021-06-03 11:19:03,614] [autoreload.py:598] [autoreload:run_with_reloader] [INFO]- Watching for file changes with StatReloader
[2021-06-03 11:19:26,767] [autoreload.py:222] [autoreload:trigger_reload] [INFO]- E:\PyCharm\automatization\automatization\hostgroup\views.py changed, reloading.
[2021-06-03 11:19:28,872] [autoreload.py:598] [autoreload:run_with_reloader] [INFO]- Watching for file changes with StatReloader
[2021-06-03 11:20:03,185] [autoreload.py:222] [autoreload:trigger_reload] [INFO]- E:\PyCharm\automatization\automatization\hostgroup\views.py changed, reloading.
[2021-06-03 11:20:05,179] [autoreload.py:598] [autoreload:run_with_reloader] [INFO]- Watching for file changes with StatReloader
[2021-06-03 11:21:12,451] [autoreload.py:222] [autoreload:trigger_reload] [INFO]- E:\PyCharm\automatization\automatization\hostgroup\views.py changed, reloading.
[2021-06-03 11:21:14,384] [autoreload.py:598] [autoreload:run_with_reloader] [INFO]- Watching for file changes with StatReloader
[2021-06-03 11:21:46,170] [autoreload.py:222] [autoreload:trigger_reload] [INFO]- E:\PyCharm\automatization\automatization\hostgroup\views.py changed, reloading.
[2021-06-03 11:21:48,199] [autoreload.py:598] [autoreload:run_with_reloader] [INFO]- Watching for file changes with StatReloader
[2021-06-03 11:22:04,615] [autoreload.py:222] [autoreload:trigger_reload] [INFO]- E:\PyCharm\automatization\automatization\hostgroup\views.py changed, reloading.
[2021-06-03 11:22:06,613] [autoreload.py:598] [autoreload:run_with_reloader] [INFO]- Watching for file changes with StatReloader
[2021-06-03 11:22:24,373] [autoreload.py:222] [autoreload:trigger_reload] [INFO]- E:\PyCharm\automatization\automatization\hostgroup\views.py changed, reloading.
[2021-06-03 11:22:26,350] [autoreload.py:598] [autoreload:run_with_reloader] [INFO]- Watching for file changes with StatReloader
[2021-06-03 11:22:31,814] [autoreload.py:222] [autoreload:trigger_reload] [INFO]- E:\PyCharm\automatization\automatization\hostgroup\views.py changed, reloading.
[2021-06-03 11:22:33,851] [autoreload.py:598] [autoreload:run_with_reloader] [INFO]- Watching for file changes with StatReloader
[2021-06-03 11:22:46,618] [autoreload.py:222] [autoreload:trigger_reload] [INFO]- E:\PyCharm\automatization\automatization\hostgroup\views.py changed, reloading.
[2021-06-03 11:22:48,612] [autoreload.py:598] [autoreload:run_with_reloader] [INFO]- Watching for file changes with StatReloader
[2021-06-03 11:22:55,747] [autoreload.py:222] [autoreload:trigger_reload] [INFO]- E:\PyCharm\automatization\automatization\hostgroup\views.py changed, reloading.
[2021-06-03 11:22:57,900] [autoreload.py:598] [autoreload:run_with_reloader] [INFO]- Watching for file changes with StatReloader
[2021-06-03 11:23:00,582] [autoreload.py:222] [autoreload:trigger_reload] [INFO]- E:\PyCharm\automatization\automatization\hostgroup\views.py changed, reloading.
[2021-06-03 11:23:02,569] [autoreload.py:598] [autoreload:run_with_reloader] [INFO]- Watching for file changes with StatReloader
[2021-06-03 11:23:06,973] [autoreload.py:222] [autoreload:trigger_reload] [INFO]- E:\PyCharm\automatization\automatization\hostgroup\views.py changed, reloading.
[2021-06-03 11:23:09,127] [autoreload.py:598] [autoreload:run_with_reloader] [INFO]- Watching for file changes with StatReloader
[2021-06-03 11:23:15,831] [autoreload.py:222] [autoreload:trigger_reload] [INFO]- E:\PyCharm\automatization\automatization\hostgroup\views.py changed, reloading.
[2021-06-03 11:23:18,000] [autoreload.py:598] [autoreload:run_with_reloader] [INFO]- Watching for file changes with StatReloader
[2021-06-03 11:23:45,408] [autoreload.py:222] [autoreload:trigger_reload] [INFO]- E:\PyCharm\automatization\automatization\hostgroup\views.py changed, reloading.
[2021-06-03 11:23:47,538] [autoreload.py:598] [autoreload:run_with_reloader] [INFO]- Watching for file changes with StatReloader
[2021-06-03 11:24:52,656] [autoreload.py:222] [autoreload:trigger_reload] [INFO]- E:\PyCharm\automatization\automatization\hostgroup\views.py changed, reloading.
[2021-06-03 11:24:54,639] [autoreload.py:598] [autoreload:run_with_reloader] [INFO]- Watching for file changes with StatReloader
[2021-06-03 11:25:23,564] [autoreload.py:222] [autoreload:trigger_reload] [INFO]- E:\PyCharm\automatization\automatization\hostgroup\views.py changed, reloading.
[2021-06-03 11:25:25,457] [autoreload.py:598] [autoreload:run_with_reloader] [INFO]- Watching for file changes with StatReloader
[2021-06-03 11:25:30,833] [autoreload.py:222] [autoreload:trigger_reload] [INFO]- E:\PyCharm\automatization\automatization\hostgroup\views.py changed, reloading.
[2021-06-03 11:25:32,717] [autoreload.py:598] [autoreload:run_with_reloader] [INFO]- Watching for file changes with StatReloader
[2021-06-03 11:27:10,577] [autoreload.py:222] [autoreload:trigger_reload] [INFO]- E:\PyCharm\automatization\automatization\hostgroup\views.py changed, reloading.
[2021-06-03 11:27:12,563] [autoreload.py:598] [autoreload:run_with_reloader] [INFO]- Watching for file changes with StatReloader
[2021-06-03 11:28:07,350] [autoreload.py:222] [autoreload:trigger_reload] [INFO]- E:\PyCharm\automatization\automatization\hostgroup\views.py changed, reloading.
[2021-06-03 11:28:09,243] [autoreload.py:598] [autoreload:run_with_reloader] [INFO]- Watching for file changes with StatReloader
[2021-06-03 11:29:42,162] [autoreload.py:222] [autoreload:trigger_reload] [INFO]- E:\PyCharm\automatization\automatization\hostgroup\views.py changed, reloading.
[2021-06-03 11:29:44,123] [autoreload.py:598] [autoreload:run_with_reloader] [INFO]- Watching for file changes with StatReloader
[2021-06-03 11:34:34,166] [autoreload.py:222] [autoreload:trigger_reload] [INFO]- E:\PyCharm\automatization\automatization\urls.py changed, reloading.
[2021-06-03 11:34:36,227] [autoreload.py:598] [autoreload:run_with_reloader] [INFO]- Watching for file changes with StatReloader
[2021-06-03 11:36:26,879] [basehttp.py:157] [basehttp:log_message] [INFO]- "POST /del_hostinfo HTTP/1.1" 200 87
[2021-06-03 11:37:44,537] [basehttp.py:157] [basehttp:log_message] [INFO]- "GET /sel_hostinfo?page=1&pagesize=2&username=456&hostaddress HTTP/1.1" 200 421
[2021-06-03 11:38:42,450] [basehttp.py:157] [basehttp:log_message] [INFO]- "GET /sel_hostinfo?page=1&pagesize=2&hostname=456&hostaddress HTTP/1.1" 200 260
[2021-06-03 11:38:57,957] [basehttp.py:157] [basehttp:log_message] [INFO]- "GET /sel_hostinfo?page=1&pagesize=2&hostname=&hostaddress=0.0.0.0 HTTP/1.1" 200 419
[2021-06-03 11:41:14,872] [basehttp.py:157] [basehttp:log_message] [INFO]- "POST /upd_hostinfo HTTP/1.1" 200 91
[2021-06-03 11:41:46,011] [basehttp.py:157] [basehttp:log_message] [INFO]- "POST /upd_hostinfo HTTP/1.1" 200 87
[2021-06-03 14:37:09,026] [autoreload.py:222] [autoreload:trigger_reload] [INFO]- E:\PyCharm\automatization\automatization\hostgroup\views.py changed, reloading.
[2021-06-03 14:37:17,340] [autoreload.py:598] [autoreload:run_with_reloader] [INFO]- Watching for file changes with StatReloader
[2021-06-03 14:42:49,301] [autoreload.py:222] [autoreload:trigger_reload] [INFO]- E:\PyCharm\automatization\automatization\hostgroup\views.py changed, reloading.
[2021-06-03 14:42:51,319] [autoreload.py:598] [autoreload:run_with_reloader] [INFO]- Watching for file changes with StatReloader
[2021-06-03 15:09:55,589] [autoreload.py:222] [autoreload:trigger_reload] [INFO]- E:\PyCharm\automatization\automatization\hostgroup\views.py changed, reloading.
[2021-06-03 15:09:57,649] [autoreload.py:598] [autoreload:run_with_reloader] [INFO]- Watching for file changes with StatReloader
[2021-06-03 15:11:00,562] [autoreload.py:222] [autoreload:trigger_reload] [INFO]- E:\PyCharm\automatization\automatization\hostgroup\views.py changed, reloading.
[2021-06-03 15:11:02,403] [autoreload.py:598] [autoreload:run_with_reloader] [INFO]- Watching for file changes with StatReloader
[2021-06-03 15:14:48,815] [autoreload.py:222] [autoreload:trigger_reload] [INFO]- E:\PyCharm\automatization\automatization\hostgroup\views.py changed, reloading.
[2021-06-03 15:14:50,898] [autoreload.py:598] [autoreload:run_with_reloader] [INFO]- Watching for file changes with StatReloader
[2021-06-03 15:18:05,136] [autoreload.py:222] [autoreload:trigger_reload] [INFO]- E:\PyCharm\automatization\automatization\hostgroup\views.py changed, reloading.
[2021-06-03 15:18:07,064] [autoreload.py:598] [autoreload:run_with_reloader] [INFO]- Watching for file changes with StatReloader
[2021-06-03 15:19:18,984] [autoreload.py:222] [autoreload:trigger_reload] [INFO]- E:\PyCharm\automatization\automatization\hostgroup\views.py changed, reloading.
[2021-06-03 15:19:20,967] [autoreload.py:598] [autoreload:run_with_reloader] [INFO]- Watching for file changes with StatReloader
[2021-06-03 15:19:29,084] [autoreload.py:222] [autoreload:trigger_reload] [INFO]- E:\PyCharm\automatization\automatization\hostgroup\views.py changed, reloading.
[2021-06-03 15:19:31,077] [autoreload.py:598] [autoreload:run_with_reloader] [INFO]- Watching for file changes with StatReloader
[2021-06-03 15:20:10,651] [autoreload.py:222] [autoreload:trigger_reload] [INFO]- E:\PyCharm\automatization\automatization\hostgroup\views.py changed, reloading.
[2021-06-03 15:20:12,583] [autoreload.py:598] [autoreload:run_with_reloader] [INFO]- Watching for file changes with StatReloader
[2021-06-03 15:20:31,801] [autoreload.py:222] [autoreload:trigger_reload] [INFO]- E:\PyCharm\automatization\automatization\urls.py changed, reloading.
[2021-06-03 15:20:33,863] [autoreload.py:598] [autoreload:run_with_reloader] [INFO]- Watching for file changes with StatReloader
[2021-06-03 15:21:02,584] [autoreload.py:222] [autoreload:trigger_reload] [INFO]- E:\PyCharm\automatization\automatization\urls.py changed, reloading.
[2021-06-03 15:21:04,537] [autoreload.py:598] [autoreload:run_with_reloader] [INFO]- Watching for file changes with StatReloader
[2021-06-03 15:21:14,012] [autoreload.py:222] [autoreload:trigger_reload] [INFO]- E:\PyCharm\automatization\automatization\urls.py changed, reloading.
[2021-06-03 15:21:16,072] [autoreload.py:598] [autoreload:run_with_reloader] [INFO]- Watching for file changes with StatReloader
[2021-06-03 15:23:16,703] [basehttp.py:157] [basehttp:log_message] [INFO]- "POST /bulk_delete_hostinfo HTTP/1.1" 200 143
[2021-06-03 15:24:27,185] [basehttp.py:157] [basehttp:log_message] [INFO]- "GET /sel_hostinfo?page=1&pagesize=10 HTTP/1.1" 200 257
[2021-06-03 15:24:58,702] [autoreload.py:598] [autoreload:run_with_reloader] [INFO]- Watching for file changes with StatReloader
[2021-06-03 15:25:50,595] [autoreload.py:222] [autoreload:trigger_reload] [INFO]- E:\PyCharm\automatization\automatization\hostgroup\views.py changed, reloading.
[2021-06-03 15:25:52,558] [autoreload.py:598] [autoreload:run_with_reloader] [INFO]- Watching for file changes with StatReloader
[2021-06-03 15:26:08,642] [autoreload.py:598] [autoreload:run_with_reloader] [INFO]- Watching for file changes with StatReloader
[2021-06-03 15:26:14,541] [basehttp.py:157] [basehttp:log_message] [INFO]- "POST /bulk_delete_hostinfo HTTP/1.1" 200 103
[2021-06-03 15:26:30,670] [basehttp.py:157] [basehttp:log_message] [INFO]- "POST /bulk_create_hostinfo HTTP/1.1" 200 89
[2021-06-03 15:26:34,925] [basehttp.py:157] [basehttp:log_message] [INFO]- "GET /sel_hostinfo?page=1&pagesize=10 HTTP/1.1" 200 577
[2021-06-03 15:26:42,382] [basehttp.py:157] [basehttp:log_message] [INFO]- "POST /bulk_delete_hostinfo HTTP/1.1" 200 103
[2021-06-03 15:31:34,087] [autoreload.py:598] [autoreload:run_with_reloader] [INFO]- Watching for file changes with StatReloader
